-------------------Log----------------24/05/04-08:47:07
Traceback (most recent call last):
  File "C:\inetpub\wwwroot\WEB_DATA_API\CMM.py", line 28, in get_products
    conn = pyodbc.connect('Driver={SQL Server}; Server=192.168.8.21; uid=sa; pwd=1234;Database=QC; Trusted_Connection=No;',timeout=1)
           ^^^^^^^^^^^^^^^^^^^^^^^^^^^^^^^^^^^^^^^^^^^^^^^^^^^^^^^^^^^^^^^^^^^^^^^^^^^^^^^^^^^^^^^^^^^^^^^^^^^^^^^^^^^^^^^^^^^^^^^^^^
pyodbc.OperationalError: ('HYT00', '[HYT00] [Microsoft][ODBC SQL Server Driver]Login timeout expired (0) (SQLDriverConnect)')

During handling of the above exception, another exception occurred:

Traceback (most recent call last):
  File "C:\inetpub\wwwroot\WEB_DATA_API\auth_middleware.py", line 50, in decorated
    return func(*args, **kwargs)
           ^^^^^^^^^^^^^^^^^^^^^
  File "C:\inetpub\wwwroot\WEB_DATA_API\CMM.py", line 64, in get_products
    Systemp_log(traceback.format_exc(), "products").append_new_line()
    ^^^^^^^^^^^^^^^^^^^^^^^^^^^^^^^^^^^^^^^^^^^^^^^
TypeError: Systemp_log.__init__() takes 2 positional arguments but 3 were given
 ---- token_required
-------------------Log----------------24/05/04-09:09:56
Traceback (most recent call last):
  File "C:\inetpub\wwwroot\WEB_DATA_API\chemical.py", line 395, in spc_sixpack_form
    conn = pyodbc.connect('Driver={SQL Server}; Server=192.168.8.21; uid=sa; pwd=1234;Database=SPC; Trusted_Connection=No;',timeout=1)
           ^^^^^^^^^^^^^^^^^^^^^^^^^^^^^^^^^^^^^^^^^^^^^^^^^^^^^^^^^^^^^^^^^^^^^^^^^^^^^^^^^^^^^^^^^^^^^^^^^^^^^^^^^^^^^^^^^^^^^^^^^^^
pyodbc.OperationalError: ('HYT00', '[HYT00] [Microsoft][ODBC SQL Server Driver]Login timeout expired (0) (SQLDriverConnect)')

During handling of the above exception, another exception occurred:

Traceback (most recent call last):
  File "C:\inetpub\wwwroot\WEB_DATA_API\auth_middleware.py", line 50, in decorated
    return func(*args, **kwargs)
           ^^^^^^^^^^^^^^^^^^^^^
  File "C:\inetpub\wwwroot\WEB_DATA_API\chemical.py", line 434, in spc_sixpack_form
    Systemp_log(traceback.format_exc(), "spc_sixpack_form").append_new_line()
    ^^^^^^^^^^^^^^^^^^^^^^^^^^^^^^^^^^^^^^^^^^^^^^^^^^^^^^^
TypeError: Systemp_log.__init__() takes 2 positional arguments but 3 were given
 ---- token_required
-------------------Log----------------24/05/04-10:01:19
Traceback (most recent call last):
  File "C:\inetpub\wwwroot\WEB_DATA_API\CMM.py", line 707, in get_dmc_data
    conn = pyodbc.connect('Driver={SQL Server}; Server=192.168.8.21; uid=sa; pwd=1234;Database=QC; Trusted_Connection=No;',timeout=1)
           ^^^^^^^^^^^^^^^^^^^^^^^^^^^^^^^^^^^^^^^^^^^^^^^^^^^^^^^^^^^^^^^^^^^^^^^^^^^^^^^^^^^^^^^^^^^^^^^^^^^^^^^^^^^^^^^^^^^^^^^^^^
pyodbc.OperationalError: ('HYT00', '[HYT00] [Microsoft][ODBC SQL Server Driver]Login timeout expired (0) (SQLDriverConnect)')

During handling of the above exception, another exception occurred:

Traceback (most recent call last):
  File "C:\inetpub\wwwroot\WEB_DATA_API\auth_middleware.py", line 50, in decorated
    return func(*args, **kwargs)
           ^^^^^^^^^^^^^^^^^^^^^
  File "C:\inetpub\wwwroot\WEB_DATA_API\CMM.py", line 751, in get_dmc_data
    Systemp_log(traceback.format_exc(), "dmc_data").append_new_line()
    ^^^^^^^^^^^^^^^^^^^^^^^^^^^^^^^^^^^^^^^^^^^^^^^
TypeError: Systemp_log.__init__() takes 2 positional arguments but 3 were given
 ---- token_required
-------------------Log----------------24/05/04-10:56:32
Traceback (most recent call last):
  File "C:\inetpub\wwwroot\WEB_DATA_API\products.py", line 2817, in get_air_tight_window_data
    ret['data']['chart']['okNgData'].append({'NG': 0 if isNaN(air_tight_window_df.values.tolist()[idx][0]) else air_tight_window_df.values.tolist()[idx][0], 'OK': 0 if isNaN(air_tight_window_df.values.tolist()[idx][1]) else air_tight_window_df.values.tolist()[idx][1]})
                                                                                                                                                                              ~~~~~~~~~~~~~~~~~~~~~~~~~~~~~~~~~~~~~~~~^^^
IndexError: list index out of range
 ---- air_tight_window_data